<?xml version="1.0" encoding="UTF-8"?>
<!-- Generated by org.testng.reporters.JUnitReportReporter -->
<testsuite hostname="VNCP-Lap" failures="0" tests="2" name="com.orangehrmlive.testsuite.LoginPageTest" time="15.578" errors="0" timestamp="2022-12-13T10:20:48 GMT" skipped="0">
  <testcase classname="com.orangehrmlive.testsuite.LoginPageTest" name="userShouldNavigateToForgotPasswordPageSuccessfully" time="8.355"/>
  <system-out>
    <![CDATA[clickOnForgotPassword[[ChromeDriver: chrome on WINDOWS (c16a08b18d4492e0e28779f56a368e90)] -> xpath: //p[@class = 'oxd-text oxd-text--p orangehrm-login-forgot-header']]
getResetPasswordText[[ChromeDriver: chrome on WINDOWS (c16a08b18d4492e0e28779f56a368e90)] -> xpath: //h6[@class = 'oxd-text oxd-text--h6 orangehrm-forgot-password-title']]
Click to see screenshot
<a target = "_blank" href=C:\Users\Nimisha\Week15-project2-com-orangehrmlive-page-factory_NimishaPatel/test-output/html/userShouldNavigateToForgotPasswordPageSuccessfullyTue_Dec_13_10_20_45_GMT_2022.jpg>Screenshot</a>
<br>
Click to see screenshot
<a target = "_blank" href=C:\Users\Nimisha\Week15-project2-com-orangehrmlive-page-factory_NimishaPatel/test-output/html/userShouldNavigateToForgotPasswordPageSuccessfullyTue_Dec_13_10_20_46_GMT_2022.jpg>Screenshot</a>
<br>]]>
  </system-out>
  <testcase classname="com.orangehrmlive.testsuite.LoginPageTest" name="userShouldLoginSuccessfullyWithValidCredentials" time="7.223"/>
  <system-out>
    <![CDATA[enterUsername[[ChromeDriver: chrome on WINDOWS (86f1d77e9d1c28df846d0b92c3077b5d)] -> name: username]
enterPassword[[ChromeDriver: chrome on WINDOWS (86f1d77e9d1c28df846d0b92c3077b5d)] -> name: password]
clickOnLoginButton[[ChromeDriver: chrome on WINDOWS (86f1d77e9d1c28df846d0b92c3077b5d)] -> xpath: //button[@type='submit']]
getDashboardText[[ChromeDriver: chrome on WINDOWS (86f1d77e9d1c28df846d0b92c3077b5d)] -> xpath: //h6[@class='oxd-text oxd-text--h6 oxd-topbar-header-breadcrumb-module']]
Click to see screenshot
<a target = "_blank" href=C:\Users\Nimisha\Week15-project2-com-orangehrmlive-page-factory_NimishaPatel/test-output/html/userShouldLoginSuccessfullyWithValidCredentialsTue_Dec_13_10_20_38_GMT_2022.jpg>Screenshot</a>
<br>
Click to see screenshot
<a target = "_blank" href=C:\Users\Nimisha\Week15-project2-com-orangehrmlive-page-factory_NimishaPatel/test-output/html/userShouldLoginSuccessfullyWithValidCredentialsTue_Dec_13_10_20_39_GMT_2022.jpg>Screenshot</a>
<br>]]>
  </system-out>
</testsuite> <!-- com.orangehrmlive.testsuite.LoginPageTest -->
